<?xml version="1.0" encoding="UTF-8"?>
<testng-results ignored="0" total="1" passed="1" failed="0" skipped="0">
  <reporter-output>
  </reporter-output>
  <suite started-at="2023-03-27T13:40:35 PDT" name="Default suite" finished-at="2023-03-27T13:40:37 PDT" duration-ms="2636">
    <groups>
    </groups>
    <test started-at="2023-03-27T13:40:35 PDT" name="Default test" finished-at="2023-03-27T13:40:37 PDT" duration-ms="2636">
      <class name="TestNG.NewTest">
        <test-method is-config="true" signature="setupClass()[pri:0, instance:TestNG.NewTest@1de76cc7]" started-at="2023-03-27T13:40:35 PDT" name="setupClass" finished-at="2023-03-27T13:40:35 PDT" duration-ms="236" status="PASS">
          <reporter-output>
          </reporter-output>
        </test-method> <!-- setupClass -->
        <test-method is-config="true" signature="setupTest()[pri:0, instance:TestNG.NewTest@1de76cc7]" started-at="2023-03-27T13:40:35 PDT" name="setupTest" finished-at="2023-03-27T13:40:36 PDT" duration-ms="1486" status="PASS">
          <reporter-output>
          </reporter-output>
        </test-method> <!-- setupTest -->
        <test-method signature="f()[pri:0, instance:TestNG.NewTest@1de76cc7]" started-at="2023-03-27T13:40:36 PDT" name="f" finished-at="2023-03-27T13:40:37 PDT" duration-ms="1070" status="PASS">
          <reporter-output>
          </reporter-output>
        </test-method> <!-- f -->
        <test-method is-config="true" signature="teardown()[pri:0, instance:TestNG.NewTest@1de76cc7]" started-at="2023-03-27T13:40:37 PDT" name="teardown" finished-at="2023-03-27T13:40:37 PDT" duration-ms="67" status="PASS">
          <reporter-output>
          </reporter-output>
        </test-method> <!-- teardown -->
      </class> <!-- TestNG.NewTest -->
    </test> <!-- Default test -->
  </suite> <!-- Default suite -->
</testng-results>
